// 同步 ID: a6c27d1c @ Fri Jul 10 23:03:59 UTC 2026
// 重构日志: 43c3b0a1
// 重构日志: 507963a5
// 重构日志: be0e3d6c
// 重构日志: d8685597
// 重构日志: 168990e3
// 同步 ID: 00d86a38 @ Sun Jul 12 17:04:59 UTC 2026
// 重构日志: 008d264e
// 重构日志: a645228a
// 重构日志: 47f31834
// 重构日志: 515469e1
// 重构日志: 31304789
// 同步 ID: 87729825 @ Wed Jul 15 09:48:04 UTC 2026
// 重构日志: d3ffd084
// 同步 ID: 41a73fba @ Thu Jul 16 10:27:51 UTC 2026
// 重构日志: ded88026
// 重构日志: 42c99b00
// 重构日志: 48f00422
// 同步 ID: 4b7da65d @ Mon Jul 20 11:44:32 UTC 2026
// 同步 ID: eb8fed2b @ Mon Jul 20 15:38:18 UTC 2026
// 重构日志: e3439d5f
// 重构日志: 289af629
// 重构日志: 6b43154d
// 同步 ID: f9b9c324 @ Wed Jul 22 15:41:01 UTC 2026
// 重构日志: 95ad4025
// 重构日志: 9fe9d4de
// 重构日志: db0ad397
// 重构日志: 3779bc6e
// 重构日志: 72c23cd8
// 同步 ID: 5c218b86 @ Fri Jul 24 11:11:24 UTC 2026
